<?xml version="1.0" encoding="UTF-8"?>
<TestRun id="9b447e0f-38cd-4523-bed6-780883073521" name="Administrator@NB-WH0612019 2012-10-17 17:47:45" runUser="NB-WH0612019\Administrator" xmlns="http://microsoft.com/schemas/VisualStudio/TeamTest/2010">
  <TestSettings name="Local" id="0b2e332d-ffba-4e97-8dbd-8d1d2b191089">
    <Description>These are default test settings for a local test run.</Description>
    <Deployment enabled="false" runDeploymentRoot="Administrator_NB-WH0612019 2012-10-17 17_47_45">
      <DeploymentItem filename="D:\GIT\Output\Database\bin\Release\AmbitonLib.Database.dll" />
    </Deployment>
    <Execution>
      <TestTypeSpecific />
      <AgentRule name="Execution Agents">
      </AgentRule>
    </Execution>
  </TestSettings>
  <Times creation="2012-10-17T17:47:45.1697456+08:00" queuing="2012-10-17T17:47:47.9640250+08:00" start="2012-10-17T17:47:48.1180404+08:00" finish="2012-10-17T17:48:11.4563740+08:00" />
  <ResultSummary outcome="Error">
    <Counters total="3" executed="1" error="0" failed="0" timeout="0" aborted="1" inconclusive="0" passedButRunAborted="0" notRunnable="0" notExecuted="2" disconnected="0" warning="0" passed="0" completed="0" inProgress="0" pending="0" />
    <RunInfos>
      <RunInfo computerName="NB-WH0612019" outcome="Error" timestamp="2012-10-17T17:48:11.4233707+08:00">
        <Text>Test host process exited unexpectedly.</Text>
      </RunInfo>
    </RunInfos>
  </ResultSummary>
  <TestDefinitions>
    <UnitTest name="GetCheckedRadioTest" storage="d:\git\output\databasetest\bin\release\ambitonlib.test.databasetest.dll" id="51b20c74-329e-f026-33fd-547cc1200e4a">
      <Execution id="485eafc9-fd8c-4ef7-9d1a-a721d5e49693" />
      <TestMethod codeBase="D:/GIT/Output/DatabaseTest/bin/Release/AmbitonLib.Test.DatabaseTest.DLL" adapterTypeName="Microsoft.VisualStudio.TestTools.TestTypes.Unit.UnitTestAdapter, Microsoft.VisualStudio.QualityTools.Tips.UnitTest.Adapter, Version=10.0.0.0, Culture=neutral, PublicKeyToken=b03f5f7f11d50a3a" className="AmbitonLib.Test.DatabaseTest.SelectUIControlByLinqTest, AmbitonLib.Test.DatabaseTest, Version=1.0.0.0, Culture=neutral, PublicKeyToken=null" name="GetCheckedRadioTest" />
    </UnitTest>
    <UnitTest name="SelectUIControlByLinqConstructorTest" storage="d:\git\output\databasetest\bin\release\ambitonlib.test.databasetest.dll" id="b2287ff5-0c6d-85ef-02e2-3955f88344fc">
      <Execution id="90d96226-0560-45e5-8970-26660a557914" />
      <TestMethod codeBase="D:/GIT/Output/DatabaseTest/bin/Release/AmbitonLib.Test.DatabaseTest.DLL" adapterTypeName="Microsoft.VisualStudio.TestTools.TestTypes.Unit.UnitTestAdapter, Microsoft.VisualStudio.QualityTools.Tips.UnitTest.Adapter, Version=10.0.0.0, Culture=neutral, PublicKeyToken=b03f5f7f11d50a3a" className="AmbitonLib.Test.DatabaseTest.SelectUIControlByLinqTest, AmbitonLib.Test.DatabaseTest, Version=1.0.0.0, Culture=neutral, PublicKeyToken=null" name="SelectUIControlByLinqConstructorTest" />
    </UnitTest>
    <UnitTest name="GetCheckedCheckBoxsTest" storage="d:\git\output\databasetest\bin\release\ambitonlib.test.databasetest.dll" id="2af16ca5-504f-5f22-dcd3-cf8b8d1ccc86">
      <Execution id="ad7e1292-d1c2-4614-b61b-805b4d421d8b" />
      <TestMethod codeBase="D:/GIT/Output/DatabaseTest/bin/Release/AmbitonLib.Test.DatabaseTest.DLL" adapterTypeName="Microsoft.VisualStudio.TestTools.TestTypes.Unit.UnitTestAdapter, Microsoft.VisualStudio.QualityTools.Tips.UnitTest.Adapter, Version=10.0.0.0, Culture=neutral, PublicKeyToken=b03f5f7f11d50a3a" className="AmbitonLib.Test.DatabaseTest.SelectUIControlByLinqTest, AmbitonLib.Test.DatabaseTest, Version=1.0.0.0, Culture=neutral, PublicKeyToken=null" name="GetCheckedCheckBoxsTest" />
    </UnitTest>
  </TestDefinitions>
  <TestLists>
    <TestList name="Results Not in a List" id="8c84fa94-04c1-424b-9868-57a2d4851a1d" />
    <TestList name="All Loaded Results" id="19431567-8539-422a-85d7-44ee4e166bda" />
  </TestLists>
  <TestEntries>
    <TestEntry testId="2af16ca5-504f-5f22-dcd3-cf8b8d1ccc86" executionId="ad7e1292-d1c2-4614-b61b-805b4d421d8b" testListId="8c84fa94-04c1-424b-9868-57a2d4851a1d" />
    <TestEntry testId="51b20c74-329e-f026-33fd-547cc1200e4a" executionId="485eafc9-fd8c-4ef7-9d1a-a721d5e49693" testListId="8c84fa94-04c1-424b-9868-57a2d4851a1d" />
    <TestEntry testId="b2287ff5-0c6d-85ef-02e2-3955f88344fc" executionId="90d96226-0560-45e5-8970-26660a557914" testListId="8c84fa94-04c1-424b-9868-57a2d4851a1d" />
  </TestEntries>
  <Results>
    <UnitTestResult executionId="ad7e1292-d1c2-4614-b61b-805b4d421d8b" testId="2af16ca5-504f-5f22-dcd3-cf8b8d1ccc86" testName="GetCheckedCheckBoxsTest" computerName="NB-WH0612019" duration="00:00:23.1543152" startTime="2012-10-17T17:47:48.2820568+08:00" endTime="2012-10-17T17:48:11.4363720+08:00" testType="13cdc9d9-ddb5-4fa4-a97d-d965ccfc6d4b" outcome="Aborted" testListId="8c84fa94-04c1-424b-9868-57a2d4851a1d" relativeResultsDirectory="ad7e1292-d1c2-4614-b61b-805b4d421d8b">
    </UnitTestResult>
    <UnitTestResult executionId="485eafc9-fd8c-4ef7-9d1a-a721d5e49693" testId="51b20c74-329e-f026-33fd-547cc1200e4a" testName="GetCheckedRadioTest" computerName="NB-WH0612019" testType="13cdc9d9-ddb5-4fa4-a97d-d965ccfc6d4b" outcome="NotExecuted" testListId="8c84fa94-04c1-424b-9868-57a2d4851a1d" relativeResultsDirectory="485eafc9-fd8c-4ef7-9d1a-a721d5e49693">
    </UnitTestResult>
    <UnitTestResult executionId="90d96226-0560-45e5-8970-26660a557914" testId="b2287ff5-0c6d-85ef-02e2-3955f88344fc" testName="SelectUIControlByLinqConstructorTest" computerName="NB-WH0612019" testType="13cdc9d9-ddb5-4fa4-a97d-d965ccfc6d4b" outcome="NotExecuted" testListId="8c84fa94-04c1-424b-9868-57a2d4851a1d" relativeResultsDirectory="90d96226-0560-45e5-8970-26660a557914">
    </UnitTestResult>
  </Results>
</TestRun>