<?xml version="1.0" encoding="UTF-8"?>
<TestRun id="caec228b-e8bb-4429-bba7-018eafd8c6f5" name="Administrator@NB-WH0612019 2012-10-17 20:57:59" runUser="NB-WH0612019\Administrator" xmlns="http://microsoft.com/schemas/VisualStudio/TeamTest/2010">
  <TestSettings name="Local" id="0b2e332d-ffba-4e97-8dbd-8d1d2b191089">
    <Description>These are default test settings for a local test run.</Description>
    <Deployment enabled="false" runDeploymentRoot="Administrator_NB-WH0612019 2012-10-17 20_57_59">
      <DeploymentItem filename="D:\GIT\Output\Database\bin\Release\AmbitonLib.Database.dll" />
    </Deployment>
    <Execution>
      <TestTypeSpecific />
      <AgentRule name="Execution Agents">
      </AgentRule>
    </Execution>
  </TestSettings>
  <Times creation="2012-10-17T20:57:59.9260301+08:00" queuing="2012-10-17T20:58:00.0490371+08:00" start="2012-10-17T20:58:00.0980399+08:00" finish="2012-10-17T20:58:44.4935792+08:00" />
  <ResultSummary outcome="Completed">
    <Counters total="1" executed="1" passed="1" error="0" failed="0" timeout="0" aborted="0" inconclusive="0" passedButRunAborted="0" notRunnable="0" notExecuted="0" disconnected="0" warning="0" completed="0" inProgress="0" pending="0" />
  </ResultSummary>
  <TestDefinitions>
    <UnitTest name="UseLinqInUIControlConstructorTest" storage="d:\git\output\databasetest\bin\release\ambitonlib.test.databasetest.dll" id="10951d04-2a19-28f0-f134-463f2fb01c5b">
      <Execution id="3ba1aba5-3b01-4036-af42-34c3970123e8" />
      <TestMethod codeBase="D:/GIT/Output/DatabaseTest/bin/Release/AmbitonLib.Test.DatabaseTest.DLL" adapterTypeName="Microsoft.VisualStudio.TestTools.TestTypes.Unit.UnitTestAdapter, Microsoft.VisualStudio.QualityTools.Tips.UnitTest.Adapter, Version=10.0.0.0, Culture=neutral, PublicKeyToken=b03f5f7f11d50a3a" className="AmbitonLib.Test.DatabaseTest.UseLinqInUIControlTest, AmbitonLib.Test.DatabaseTest, Version=1.0.0.0, Culture=neutral, PublicKeyToken=null" name="UseLinqInUIControlConstructorTest" />
    </UnitTest>
  </TestDefinitions>
  <TestLists>
    <TestList name="Results Not in a List" id="8c84fa94-04c1-424b-9868-57a2d4851a1d" />
    <TestList name="All Loaded Results" id="19431567-8539-422a-85d7-44ee4e166bda" />
  </TestLists>
  <TestEntries>
    <TestEntry testId="10951d04-2a19-28f0-f134-463f2fb01c5b" executionId="3ba1aba5-3b01-4036-af42-34c3970123e8" testListId="8c84fa94-04c1-424b-9868-57a2d4851a1d" />
  </TestEntries>
  <Results>
    <UnitTestResult executionId="3ba1aba5-3b01-4036-af42-34c3970123e8" testId="10951d04-2a19-28f0-f134-463f2fb01c5b" testName="UseLinqInUIControlConstructorTest" computerName="NB-WH0612019" duration="00:00:43.3879843" startTime="2012-10-17T20:58:00.1110406+08:00" endTime="2012-10-17T20:58:44.4245752+08:00" testType="13cdc9d9-ddb5-4fa4-a97d-d965ccfc6d4b" outcome="Passed" testListId="8c84fa94-04c1-424b-9868-57a2d4851a1d" relativeResultsDirectory="3ba1aba5-3b01-4036-af42-34c3970123e8">
    </UnitTestResult>
  </Results>
</TestRun>