<?xml version="1.0" encoding="UTF-8"?>
<TestRun id="fd1d14ca-e2c2-4b3f-b20a-d24b82ff2e21" name="Administrator@NB-WH0612019 2012-10-17 17:48:37" runUser="NB-WH0612019\Administrator" xmlns="http://microsoft.com/schemas/VisualStudio/TeamTest/2010">
  <TestSettings name="Local" id="0b2e332d-ffba-4e97-8dbd-8d1d2b191089">
    <Description>These are default test settings for a local test run.</Description>
    <Deployment enabled="false" runDeploymentRoot="Administrator_NB-WH0612019 2012-10-17 17_48_37">
      <DeploymentItem filename="D:\GIT\Output\Database\bin\Release\AmbitonLib.Database.dll" />
    </Deployment>
    <Execution>
      <TestTypeSpecific />
      <AgentRule name="Execution Agents">
      </AgentRule>
    </Execution>
  </TestSettings>
  <Times creation="2012-10-17T17:48:37.3969678+08:00" queuing="2012-10-17T17:48:38.8011082+08:00" start="2012-10-17T17:48:38.9031184+08:00" finish="2012-10-17T17:48:46.9919272+08:00" />
  <ResultSummary outcome="Error">
    <Counters total="1" executed="1" error="0" failed="0" timeout="0" aborted="1" inconclusive="0" passedButRunAborted="0" notRunnable="0" notExecuted="0" disconnected="0" warning="0" passed="0" completed="0" inProgress="0" pending="0" />
    <RunInfos>
      <RunInfo computerName="NB-WH0612019" outcome="Error" timestamp="2012-10-17T17:48:46.9709251+08:00">
        <Text>Test host process exited unexpectedly.</Text>
      </RunInfo>
    </RunInfos>
  </ResultSummary>
  <TestDefinitions>
    <UnitTest name="GetCheckedRadioTest" storage="d:\git\output\databasetest\bin\release\ambitonlib.test.databasetest.dll" id="51b20c74-329e-f026-33fd-547cc1200e4a">
      <Execution id="11b14ca1-4002-4022-97d6-da5552722c34" />
      <TestMethod codeBase="D:/GIT/Output/DatabaseTest/bin/Release/AmbitonLib.Test.DatabaseTest.DLL" adapterTypeName="Microsoft.VisualStudio.TestTools.TestTypes.Unit.UnitTestAdapter, Microsoft.VisualStudio.QualityTools.Tips.UnitTest.Adapter, Version=10.0.0.0, Culture=neutral, PublicKeyToken=b03f5f7f11d50a3a" className="AmbitonLib.Test.DatabaseTest.SelectUIControlByLinqTest, AmbitonLib.Test.DatabaseTest, Version=1.0.0.0, Culture=neutral, PublicKeyToken=null" name="GetCheckedRadioTest" />
    </UnitTest>
  </TestDefinitions>
  <TestLists>
    <TestList name="Results Not in a List" id="8c84fa94-04c1-424b-9868-57a2d4851a1d" />
    <TestList name="All Loaded Results" id="19431567-8539-422a-85d7-44ee4e166bda" />
  </TestLists>
  <TestEntries>
    <TestEntry testId="51b20c74-329e-f026-33fd-547cc1200e4a" executionId="11b14ca1-4002-4022-97d6-da5552722c34" testListId="8c84fa94-04c1-424b-9868-57a2d4851a1d" />
  </TestEntries>
  <Results>
    <UnitTestResult executionId="11b14ca1-4002-4022-97d6-da5552722c34" testId="51b20c74-329e-f026-33fd-547cc1200e4a" testName="GetCheckedRadioTest" computerName="NB-WH0612019" duration="00:00:08.0378037" startTime="2012-10-17T17:48:38.9541235+08:00" endTime="2012-10-17T17:48:46.9919272+08:00" testType="13cdc9d9-ddb5-4fa4-a97d-d965ccfc6d4b" outcome="Aborted" testListId="8c84fa94-04c1-424b-9868-57a2d4851a1d" relativeResultsDirectory="11b14ca1-4002-4022-97d6-da5552722c34">
    </UnitTestResult>
  </Results>
</TestRun>